Arguments: 
  /usr/local/bin/node /usr/local/Cellar/yarn/1.22.5/libexec/bin/yarn.js add node_sass

PATH: 
  /usr/local/bin:/usr/bin:/bin:/usr/sbin:/sbin:/Applications/MAMP/Library/bin

Yarn version: 
  1.22.5

Node version: 
  10.19.0

Platform: 
  darwin x64

Trace: 
  Error: https://registry.yarnpkg.com/node_sass: Not found
      at Request.params.callback [as _callback] (/usr/local/Cellar/yarn/1.22.5/libexec/lib/cli.js:66988:18)
      at Request.self.callback (/usr/local/Cellar/yarn/1.22.5/libexec/lib/cli.js:140749:22)
      at Request.emit (events.js:198:13)
      at Request.<anonymous> (/usr/local/Cellar/yarn/1.22.5/libexec/lib/cli.js:141721:10)
      at Request.emit (events.js:198:13)
      at IncomingMessage.<anonymous> (/usr/local/Cellar/yarn/1.22.5/libexec/lib/cli.js:141643:12)
      at Object.onceWrapper (events.js:286:20)
      at IncomingMessage.emit (events.js:203:15)
      at endReadableNT (_stream_readable.js:1145:12)
      at process._tickCallback (internal/process/next_tick.js:63:19)

npm manifest: 
  {
    "name": "html_advance",
    "version": "1.0.0",
    "description": "",
    "main": "index.js",
    "scripts": {
      "build-css": "node-sass --include-path scss scss/app.scss css/style.css",
      "watch-css": "nodemon -e scss -x \"npm run build-css\""
    },
    "author": "",
    "license": "ISC",
    "devDependencies": {
      "node-sass": "^4.14.1",
      "nodemon": "^1.18.4"
    }
  }

yarn manifest: 
  No manifest

Lockfile: 
  No lockfile
